2023-07-06 15:41:15,441 [INFO] xe1 : Connecting 
2023-07-06 15:41:15,441 [INFO] xe2 : Connecting 
2023-07-06 15:41:15,442 [INFO] xr1 : Connecting 
2023-07-06 15:41:15,571 [INFO] Connected (version 2.0, client Cisco-1.25)
2023-07-06 15:41:15,775 [INFO] Connected (version 2.0, client Cisco-2.0)
2023-07-06 15:41:16,276 [INFO] Authentication (password) successful!
2023-07-06 15:41:16,678 [INFO] Authentication (password) successful!
2023-07-06 15:41:16,909 [WARNING] xe2 : Connect success
2023-07-06 15:41:17,311 [WARNING] xr1 : Connect success
2023-07-06 15:41:17,349 [INFO] xr1 : Entered enable mode
2023-07-06 15:41:17,374 [INFO] xe2 : Entered enable mode
2023-07-06 15:41:18,058 [INFO] xe2 : Command 'show processes cpu' sent
2023-07-06 15:41:18,109 [INFO] xe2 : [1] Parsing success for template 'show processes cpu 1'
2023-07-06 15:41:18,109 [INFO] xe2 : Export success to out/getCPU/show processes cpu_2023-07-06_15-41.csv
2023-07-06 15:41:18,185 [INFO] xe2 : Disconnected succcessfully
2023-07-06 15:41:18,421 [WARNING] xe1 : Connect success
2023-07-06 15:41:18,800 [INFO] xe1 : Entered enable mode
2023-07-06 15:41:19,698 [INFO] xe1 : Command 'show processes cpu' sent
2023-07-06 15:41:19,704 [INFO] xe1 : [1] Parsing success for template 'show processes cpu 1'
2023-07-06 15:41:19,705 [INFO] xe1 : Export success to out/getCPU/show processes cpu_2023-07-06_15-41.csv
2023-07-06 15:41:19,777 [INFO] xe1 : Disconnected succcessfully
2023-07-06 15:41:32,434 [ERROR] xr1 : [1] Exception sending command 'show processes cpu'
2023-07-06 15:41:32,984 [INFO] xr1 : Command 'show processes cpu' sent
2023-07-06 15:41:32,988 [ERROR] xr1 : [1] Parsing empty for template 'show processes cpu 1'
2023-07-06 15:41:32,991 [ERROR] xr1 : [2] Parsing empty for template 'show processes cpu 2'
2023-07-06 15:41:32,993 [ERROR] xr1 : [3] Parsing empty for template 'show processes cpu 3'
2023-07-06 15:41:32,995 [INFO] xr1 : [4] Parsing success for template 'show processes cpu 4'
2023-07-06 15:41:32,995 [INFO] xr1 : Export success to out/getCPU/show processes cpu_2023-07-06_15-41.csv
2023-07-06 15:41:33,072 [INFO] xr1 : Disconnected succcessfully
