2023-07-06 08:36:20 [ERROR] xe1 : Export failed to out/getInventory/show inventory_2023-07-06_08-36.csv
2023-07-06 08:36:20 I/O operation on closed file. 
2023-07-06 08:36:20 [ERROR] xe3 : Export failed to out/getInventory/show inventory_2023-07-06_08-36.csv
2023-07-06 08:36:20 I/O operation on closed file. 
2023-07-06 08:36:20 [ERROR] xe2 : Export failed to out/getInventory/show inventory_2023-07-06_08-36.csv
2023-07-06 08:36:20 I/O operation on closed file. 
2023-07-06 08:37:03 [ERROR] xe3 : Export failed to out/getInventory/show inventory_2023-07-06_08-36.csv
2023-07-06 08:37:03 I/O operation on closed file. 
2023-07-06 08:37:04 [ERROR] xe2 : Export failed to out/getInventory/show inventory_2023-07-06_08-36.csv
2023-07-06 08:37:04 I/O operation on closed file. 
2023-07-06 08:37:04 [ERROR] xe1 : Export failed to out/getInventory/show inventory_2023-07-06_08-36.csv
2023-07-06 08:37:04 I/O operation on closed file. 
2023-07-06 08:39:34 [ERROR] xe1 : Export failed to out/getInventory/show inventory_2023-07-06_08-39.csv
2023-07-06 08:39:34 I/O operation on closed file. 
2023-07-06 08:39:34 [ERROR] xe3 : Export failed to out/getInventory/show inventory_2023-07-06_08-39.csv
2023-07-06 08:39:34 I/O operation on closed file. 
2023-07-06 08:39:34 [ERROR] xe2 : Export failed to out/getInventory/show inventory_2023-07-06_08-39.csv
2023-07-06 08:39:34 I/O operation on closed file. 
2023-07-06 08:46:10 [ERROR] xe3 : Export failed to out/getInventory/show inventory_2023-07-06_08-46.csv
2023-07-06 08:46:10 I/O operation on closed file. 
2023-07-06 08:46:10 [ERROR] xe2 : Export failed to out/getInventory/show inventory_2023-07-06_08-46.csv
2023-07-06 08:46:10 I/O operation on closed file. 
2023-07-06 08:46:10 [ERROR] xe1 : Export failed to out/getInventory/show inventory_2023-07-06_08-46.csv
2023-07-06 08:46:10 I/O operation on closed file. 
2023-07-06 08:51:59 [ERROR] xe3 : Export failed to out/getInventory/show inventory_2023-07-06_08-51.csv
2023-07-06 08:51:59 I/O operation on closed file. 
2023-07-06 08:51:59 [ERROR] xe2 : Export failed to out/getInventory/show inventory_2023-07-06_08-51.csv
2023-07-06 08:51:59 I/O operation on closed file. 
2023-07-06 08:51:59 [ERROR] xe1 : Export failed to out/getInventory/show inventory_2023-07-06_08-51.csv
2023-07-06 08:51:59 I/O operation on closed file. 
2023-07-06 08:54:49 [ERROR] xe2 : Export failed to out/getInventory/show inventory_2023-07-06_08-54.csv
2023-07-06 08:54:49 I/O operation on closed file. 
2023-07-06 08:54:49 [ERROR] xe3 : Export failed to out/getInventory/show inventory_2023-07-06_08-54.csv
2023-07-06 08:54:49 I/O operation on closed file. 
2023-07-06 08:54:49 [ERROR] xe1 : Export failed to out/getInventory/show inventory_2023-07-06_08-54.csv
2023-07-06 08:54:49 I/O operation on closed file. 
2023-07-06 08:58:37 [ERROR] xe2 : Command [show_inventory] Failed, trying [show inventory]
2023-07-06 08:58:37 [ERROR] xe3 : Command [show_inventory] Failed, trying [show inventory]
2023-07-06 08:58:37 [ERROR] xe1 : Command [show_inventory] Failed, trying [show inventory]
2023-07-06 08:58:37 [ERROR] xe2 : [1] Parsing exception for template 'show_inventory 1'
2023-07-06 08:58:37 Unable to parse command "show_inventory 1" on platform iosxe - No template found for attributes: "{'Command': 'show_inventory 1', 'Platform': 'iosxe'}" 
2023-07-06 08:58:37 [ERROR] xe2 : [2] Parsing exception for template 'show_inventory 2'
2023-07-06 08:58:37 Unable to parse command "show_inventory 2" on platform iosxe - No template found for attributes: "{'Command': 'show_inventory 2', 'Platform': 'iosxe'}" 
2023-07-06 08:58:37 [ERROR] xe2 : Parsing failed after [2] tries.
2023-07-06 08:58:37 [ERROR] xe1 : [1] Parsing exception for template 'show_inventory 1'
2023-07-06 08:58:37 Unable to parse command "show_inventory 1" on platform iosxe - No template found for attributes: "{'Command': 'show_inventory 1', 'Platform': 'iosxe'}" 
2023-07-06 08:58:37 [ERROR] xe1 : [2] Parsing exception for template 'show_inventory 2'
2023-07-06 08:58:37 Unable to parse command "show_inventory 2" on platform iosxe - No template found for attributes: "{'Command': 'show_inventory 2', 'Platform': 'iosxe'}" 
2023-07-06 08:58:37 [ERROR] xe1 : Parsing failed after [2] tries.
2023-07-06 08:58:37 [ERROR] xe3 : [1] Parsing exception for template 'show_inventory 1'
2023-07-06 08:58:37 Unable to parse command "show_inventory 1" on platform iosxe - No template found for attributes: "{'Command': 'show_inventory 1', 'Platform': 'iosxe'}" 
2023-07-06 08:58:37 [ERROR] xe3 : [2] Parsing exception for template 'show_inventory 2'
2023-07-06 08:58:37 Unable to parse command "show_inventory 2" on platform iosxe - No template found for attributes: "{'Command': 'show_inventory 2', 'Platform': 'iosxe'}" 
2023-07-06 08:58:37 [ERROR] xe3 : Parsing failed after [2] tries.
